<?xml version="1.0" encoding="UTF-8"?>
<robot generator="Robot 3.1.2 (Python 3.8.0 on win32)" generated="20191212 02:37:33.379" rpa="false">
<suite id="s1" name="Backup Preferences" source="C:\Users\Administrator\Desktop\ztC-everRun_GUI_Automation-master\Resources\PO\Backup_Preferences.robot">
<test id="s1-t1" name="Should be able to login to App">
<kw name="Launch everRun_or_ztC">
<doc>This keyword helps you to launch your everRun/ztC application</doc>
<kw name="Log To Console" library="BuiltIn">
<doc>Logs the given message to the console.</doc>
<arguments>
<arg>*****Starting test*****</arg>
</arguments>
<status status="PASS" starttime="20191212 02:37:34.063" endtime="20191212 02:37:34.075"></status>
</kw>
<kw name="Open Browser" library="SeleniumLibrary">
<doc>Opens a new browser instance to the optional ``url``.</doc>
<arguments>
<arg>${URL}</arg>
<arg>${BROWSER}</arg>
</arguments>
<msg timestamp="20191212 02:37:34.076" level="INFO">Opening browser 'gc' to base url 'http://10.71.122.12'.</msg>
<status status="PASS" starttime="20191212 02:37:34.075" endtime="20191212 02:37:42.590"></status>
</kw>
<kw name="Maximize Browser Window" library="SeleniumLibrary">
<doc>Maximizes current browser window.</doc>
<status status="PASS" starttime="20191212 02:37:42.593" endtime="20191212 02:37:43.994"></status>
</kw>
<status status="PASS" starttime="20191212 02:37:34.062" endtime="20191212 02:37:43.995"></status>
</kw>
<kw name="Log in to EverRun">
<doc>This Keyword helps you to login to your everRun/ztC application</doc>
<kw name="Input Text" library="SeleniumLibrary">
<doc>Types the given ``text`` into the text field identified by ``locator``.</doc>
<arguments>
<arg>${USERNAME_TEXTBOX}</arg>
<arg>${USER}</arg>
</arguments>
<msg timestamp="20191212 02:37:44.018" level="INFO">Typing text 'admin' into text field 'css=#username'.</msg>
<status status="PASS" starttime="20191212 02:37:44.017" endtime="20191212 02:37:44.499"></status>
</kw>
<kw name="Input Password" library="SeleniumLibrary">
<doc>Types the given password into the text field identified by ``locator``.</doc>
<arguments>
<arg>${PASSWORD_TEXTBOX}</arg>
<arg>${PWD}</arg>
</arguments>
<msg timestamp="20191212 02:37:44.502" level="INFO">Typing password into text field 'css=#password'.</msg>
<status status="PASS" starttime="20191212 02:37:44.500" endtime="20191212 02:37:45.131"></status>
</kw>
<kw name="Click Link" library="SeleniumLibrary">
<doc>Clicks a link identified by ``locator``.</doc>
<arguments>
<arg>${LOGIN_BUTTON}</arg>
</arguments>
<msg timestamp="20191212 02:37:45.148" level="INFO">Clicking link 'css=#login-btn'.</msg>
<status status="PASS" starttime="20191212 02:37:45.144" endtime="20191212 02:37:45.670"></status>
</kw>
<kw name="Wait Until Keyword Succeeds" library="BuiltIn">
<doc>Runs the specified keyword and retries if it fails.</doc>
<arguments>
<arg>3 min</arg>
<arg>30 sec</arg>
<arg>Element Should Be Visible</arg>
<arg>${STRATUS_BANNER}</arg>
</arguments>
<assign>
<var>${status}</var>
</assign>
<kw name="Element Should Be Visible" library="SeleniumLibrary">
<doc>Verifies that the element identified by ``locator`` is visible.</doc>
<arguments>
<arg>${STRATUS_BANNER}</arg>
</arguments>
<kw name="Capture Page Screenshot" library="SeleniumLibrary">
<doc>Takes a screenshot of the current page and embeds it into a log file.</doc>
<msg timestamp="20191212 02:37:57.662" level="INFO" html="yes">&lt;/td&gt;&lt;/tr&gt;&lt;tr&gt;&lt;td colspan="3"&gt;&lt;a href="selenium-screenshot-512.png"&gt;&lt;img src="selenium-screenshot-512.png" width="800px"&gt;&lt;/a&gt;</msg>
<status status="PASS" starttime="20191212 02:37:49.972" endtime="20191212 02:37:57.666"></status>
</kw>
<msg timestamp="20191212 02:37:57.676" level="FAIL">Element with locator 'css=#ext-gen21' not found.</msg>
<status status="FAIL" starttime="20191212 02:37:45.683" endtime="20191212 02:37:57.676"></status>
</kw>
<kw name="Element Should Be Visible" library="SeleniumLibrary">
<doc>Verifies that the element identified by ``locator`` is visible.</doc>
<arguments>
<arg>${STRATUS_BANNER}</arg>
</arguments>
<msg timestamp="20191212 02:38:27.812" level="INFO">Element 'css=#ext-gen21' is displayed.</msg>
<status status="PASS" starttime="20191212 02:38:27.695" endtime="20191212 02:38:27.814"></status>
</kw>
<msg timestamp="20191212 02:38:27.815" level="INFO">${status} = None</msg>
<status status="PASS" starttime="20191212 02:37:45.673" endtime="20191212 02:38:27.815"></status>
</kw>
<kw name="Run Keyword If" library="BuiltIn">
<doc>Runs the given keyword with the given arguments, if ``condition`` is true.</doc>
<arguments>
<arg>${status}=='PASS'</arg>
<arg>Log</arg>
<arg>Logged in successfully.</arg>
</arguments>
<status status="PASS" starttime="20191212 02:38:27.816" endtime="20191212 02:38:27.818"></status>
</kw>
<status status="PASS" starttime="20191212 02:37:43.999" endtime="20191212 02:38:27.819"></status>
</kw>
<doc>Testing ability to "Login" to EverRun App</doc>
<tags>
<tag>Sprint9</tag>
</tags>
<status status="PASS" starttime="20191212 02:37:34.061" endtime="20191212 02:38:27.822" critical="yes"></status>
</test>
<test id="s1-t2" name="Should be able to Backup-Prefrences to MyComputer">
<kw name="Go To Backup-Preferences Page">
<doc>This Keyword Takes you to the Backup-Preferences page and also validates the contents of the page.</doc>
<kw name="Log To Console" library="BuiltIn">
<doc>Logs the given message to the console.</doc>
<arguments>
<arg>Starting Backup-Process</arg>
</arguments>
<status status="PASS" starttime="20191212 02:38:27.879" endtime="20191212 02:38:27.881"></status>
</kw>
<kw name="Click Element" library="SeleniumLibrary">
<doc>Click the element identified by ``locator``.</doc>
<arguments>
<arg>${PreferencesPageNav}</arg>
</arguments>
<msg timestamp="20191212 02:38:27.882" level="INFO">Clicking element '//*[@id="configNav"]'.</msg>
<status status="PASS" starttime="20191212 02:38:27.882" endtime="20191212 02:38:28.389"></status>
</kw>
<kw name="Sleep" library="BuiltIn">
<doc>Pauses the test executed for the given time.</doc>
<arguments>
<arg>10 sec</arg>
</arguments>
<msg timestamp="20191212 02:38:38.395" level="INFO">Slept 10 seconds</msg>
<status status="PASS" starttime="20191212 02:38:28.391" endtime="20191212 02:38:38.398"></status>
</kw>
<kw name="Click Element" library="SeleniumLibrary">
<doc>Click the element identified by ``locator``.</doc>
<arguments>
<arg>${BackupPreferences_Tab}</arg>
</arguments>
<msg timestamp="20191212 02:38:38.403" level="INFO">Clicking element '//*[@id="prefBackupNav"]'.</msg>
<status status="PASS" starttime="20191212 02:38:38.401" endtime="20191212 02:38:39.116"></status>
</kw>
<kw name="Page Should Contain Element" library="SeleniumLibrary">
<doc>Verifies that element ``locator`` is found on the current page.</doc>
<arguments>
<arg>${BackupPreferences_Page}</arg>
</arguments>
<msg timestamp="20191212 02:38:39.279" level="INFO">Current page contains element '//*[@id="prefBackup"]'.</msg>
<status status="PASS" starttime="20191212 02:38:39.118" endtime="20191212 02:38:39.280"></status>
</kw>
<kw name="Log To Console" library="BuiltIn">
<doc>Logs the given message to the console.</doc>
<arguments>
<arg>Backup-Preferences Page Loaded!!!</arg>
</arguments>
<status status="PASS" starttime="20191212 02:38:39.282" endtime="20191212 02:38:39.283"></status>
</kw>
<status status="PASS" starttime="20191212 02:38:27.832" endtime="20191212 02:38:39.284"></status>
</kw>
<kw name="Add Description and Tags">
<doc>This Keyword adds some description and Tags to your backup.zip file. In this case, the sys_name is nothing but system name. And timestamp is appended to you description so as to identify your backup file among many.</doc>
<kw name="Get Current Date" library="DateTime">
<doc>Returns current local or UTC time with an optional increment.</doc>
<assign>
<var>${timestamp}</var>
</assign>
<msg timestamp="20191212 02:38:39.325" level="INFO">${timestamp} = 2019-12-12 02:38:39.325</msg>
<status status="PASS" starttime="20191212 02:38:39.324" endtime="20191212 02:38:39.326"></status>
</kw>
<kw name="Log To Console" library="BuiltIn">
<doc>Logs the given message to the console.</doc>
<arguments>
<arg>Adding Description &amp; Tags...</arg>
</arguments>
<status status="PASS" starttime="20191212 02:38:39.328" endtime="20191212 02:38:39.329"></status>
</kw>
<kw name="Input Text" library="SeleniumLibrary">
<doc>Types the given ``text`` into the text field identified by ``locator``.</doc>
<arguments>
<arg>${BackupPreferences_Description}</arg>
<arg>${sys_name}_${timestamp}</arg>
</arguments>
<msg timestamp="20191212 02:38:39.331" level="INFO">Typing text 'QA122_2019-12-12 02:38:39.325' into text field '//*[@id="ext-comp-1243"]'.</msg>
<status status="PASS" starttime="20191212 02:38:39.329" endtime="20191212 02:38:41.183"></status>
</kw>
<kw name="Get Text" library="SeleniumLibrary">
<doc>Returns the text value of the element identified by ``locator``.</doc>
<arguments>
<arg>${BackupPreferences_Description}</arg>
</arguments>
<status status="PASS" starttime="20191212 02:38:41.185" endtime="20191212 02:38:41.321"></status>
</kw>
<kw name="Input Text" library="SeleniumLibrary">
<doc>Types the given ``text`` into the text field identified by ``locator``.</doc>
<arguments>
<arg>${BackupPreferences_Tag1}</arg>
<arg>Tag_1</arg>
</arguments>
<msg timestamp="20191212 02:38:41.325" level="INFO">Typing text 'Tag_1' into text field '//*[@id="tag1"]'.</msg>
<status status="PASS" starttime="20191212 02:38:41.323" endtime="20191212 02:38:41.909"></status>
</kw>
<kw name="Input Text" library="SeleniumLibrary">
<doc>Types the given ``text`` into the text field identified by ``locator``.</doc>
<arguments>
<arg>${BackupPreferences_Tag2}</arg>
<arg>Tag_2</arg>
</arguments>
<msg timestamp="20191212 02:38:41.912" level="INFO">Typing text 'Tag_2' into text field '//*[@id="tag2"]'.</msg>
<status status="PASS" starttime="20191212 02:38:41.911" endtime="20191212 02:38:42.531"></status>
</kw>
<kw name="Input Text" library="SeleniumLibrary">
<doc>Types the given ``text`` into the text field identified by ``locator``.</doc>
<arguments>
<arg>${BackupPreferences_Tag3}</arg>
<arg>Tag_3</arg>
</arguments>
<msg timestamp="20191212 02:38:42.534" level="INFO">Typing text 'Tag_3' into text field '//*[@id="tag3"]'.</msg>
<status status="PASS" starttime="20191212 02:38:42.532" endtime="20191212 02:38:43.135"></status>
</kw>
<kw name="Sleep" library="BuiltIn">
<doc>Pauses the test executed for the given time.</doc>
<arguments>
<arg>10 sec</arg>
</arguments>
<msg timestamp="20191212 02:38:53.143" level="INFO">Slept 10 seconds</msg>
<status status="PASS" starttime="20191212 02:38:43.138" endtime="20191212 02:38:53.148"></status>
</kw>
<status status="PASS" starttime="20191212 02:38:39.321" endtime="20191212 02:38:53.151"></status>
</kw>
<kw name="Save Backup-Preferences to Mycomputer">
<doc>This Keyword saves your Backup-Preferences.zip to your local directory on "My Computer"</doc>
<kw name="Log To Console" library="BuiltIn">
<doc>Logs the given message to the console.</doc>
<arguments>
<arg>Lets try to save to MyComputer...</arg>
</arguments>
<status status="PASS" starttime="20191212 02:38:53.169" endtime="20191212 02:38:53.171"></status>
</kw>
<kw name="Click Element" library="SeleniumLibrary">
<doc>Click the element identified by ``locator``.</doc>
<arguments>
<arg>${BackupPreferences_Save}</arg>
</arguments>
<msg timestamp="20191212 02:38:53.173" level="INFO">Clicking element '//*[@id="ext-comp-1241"]/tbody/tr[2]/td[2]'.</msg>
<status status="PASS" starttime="20191212 02:38:53.171" endtime="20191212 02:38:53.724"></status>
</kw>
<kw name="Sleep" library="BuiltIn">
<doc>Pauses the test executed for the given time.</doc>
<arguments>
<arg>2 sec</arg>
</arguments>
<msg timestamp="20191212 02:38:55.737" level="INFO">Slept 2 seconds</msg>
<status status="PASS" starttime="20191212 02:38:53.728" endtime="20191212 02:38:55.767"></status>
</kw>
<kw name="Get Text" library="SeleniumLibrary">
<doc>Returns the text value of the element identified by ``locator``.</doc>
<arguments>
<arg>xpath://*[@id="saveStatus"]</arg>
</arguments>
<assign>
<var>${response}</var>
</assign>
<msg timestamp="20191212 02:38:56.059" level="INFO">${response} = Backup file generated successfully.</msg>
<status status="PASS" starttime="20191212 02:38:55.785" endtime="20191212 02:38:56.059"></status>
</kw>
<kw name="Should Be Equal As Strings" library="BuiltIn">
<doc>Fails if objects are unequal after converting them to strings.</doc>
<arguments>
<arg>${response}</arg>
<arg>Backup file generated successfully.</arg>
</arguments>
<status status="PASS" starttime="20191212 02:38:56.060" endtime="20191212 02:38:56.061"></status>
</kw>
<kw name="Sleep" library="BuiltIn">
<doc>Pauses the test executed for the given time.</doc>
<arguments>
<arg>10 sec</arg>
</arguments>
<msg timestamp="20191212 02:39:06.066" level="INFO">Slept 10 seconds</msg>
<status status="PASS" starttime="20191212 02:38:56.062" endtime="20191212 02:39:06.069"></status>
</kw>
<status status="PASS" starttime="20191212 02:38:53.166" endtime="20191212 02:39:06.072"></status>
</kw>
<doc>Test to verify if the Backup-Preferences page is available to the user</doc>
<tags>
<tag>Sprint9</tag>
</tags>
<status status="PASS" starttime="20191212 02:38:27.830" endtime="20191212 02:39:06.115" critical="yes"></status>
</test>
<test id="s1-t3" name="Should be able to clear descriptions and tags">
<kw name="Clear Description and Tags">
<doc>This Keyword clears off the added description and tags. Can even help you to test the clear button feature.</doc>
<kw name="Add Description and Tags">
<doc>This Keyword adds some description and Tags to your backup.zip file. In this case, the sys_name is nothing but system name. And timestamp is appended to you description so as to identify your backup file among many.</doc>
<kw name="Get Current Date" library="DateTime">
<doc>Returns current local or UTC time with an optional increment.</doc>
<assign>
<var>${timestamp}</var>
</assign>
<msg timestamp="20191212 02:39:06.124" level="INFO">${timestamp} = 2019-12-12 02:39:06.124</msg>
<status status="PASS" starttime="20191212 02:39:06.123" endtime="20191212 02:39:06.125"></status>
</kw>
<kw name="Log To Console" library="BuiltIn">
<doc>Logs the given message to the console.</doc>
<arguments>
<arg>Adding Description &amp; Tags...</arg>
</arguments>
<status status="PASS" starttime="20191212 02:39:06.125" endtime="20191212 02:39:06.126"></status>
</kw>
<kw name="Input Text" library="SeleniumLibrary">
<doc>Types the given ``text`` into the text field identified by ``locator``.</doc>
<arguments>
<arg>${BackupPreferences_Description}</arg>
<arg>${sys_name}_${timestamp}</arg>
</arguments>
<msg timestamp="20191212 02:39:06.128" level="INFO">Typing text 'QA122_2019-12-12 02:39:06.124' into text field '//*[@id="ext-comp-1243"]'.</msg>
<status status="PASS" starttime="20191212 02:39:06.126" endtime="20191212 02:39:07.698"></status>
</kw>
<kw name="Get Text" library="SeleniumLibrary">
<doc>Returns the text value of the element identified by ``locator``.</doc>
<arguments>
<arg>${BackupPreferences_Description}</arg>
</arguments>
<status status="PASS" starttime="20191212 02:39:07.700" endtime="20191212 02:39:07.830"></status>
</kw>
<kw name="Input Text" library="SeleniumLibrary">
<doc>Types the given ``text`` into the text field identified by ``locator``.</doc>
<arguments>
<arg>${BackupPreferences_Tag1}</arg>
<arg>Tag_1</arg>
</arguments>
<msg timestamp="20191212 02:39:07.833" level="INFO">Typing text 'Tag_1' into text field '//*[@id="tag1"]'.</msg>
<status status="PASS" starttime="20191212 02:39:07.831" endtime="20191212 02:39:08.413"></status>
</kw>
<kw name="Input Text" library="SeleniumLibrary">
<doc>Types the given ``text`` into the text field identified by ``locator``.</doc>
<arguments>
<arg>${BackupPreferences_Tag2}</arg>
<arg>Tag_2</arg>
</arguments>
<msg timestamp="20191212 02:39:08.417" level="INFO">Typing text 'Tag_2' into text field '//*[@id="tag2"]'.</msg>
<status status="PASS" starttime="20191212 02:39:08.414" endtime="20191212 02:39:08.901"></status>
</kw>
<kw name="Input Text" library="SeleniumLibrary">
<doc>Types the given ``text`` into the text field identified by ``locator``.</doc>
<arguments>
<arg>${BackupPreferences_Tag3}</arg>
<arg>Tag_3</arg>
</arguments>
<msg timestamp="20191212 02:39:08.906" level="INFO">Typing text 'Tag_3' into text field '//*[@id="tag3"]'.</msg>
<status status="PASS" starttime="20191212 02:39:08.903" endtime="20191212 02:39:09.543"></status>
</kw>
<kw name="Sleep" library="BuiltIn">
<doc>Pauses the test executed for the given time.</doc>
<arguments>
<arg>10 sec</arg>
</arguments>
<msg timestamp="20191212 02:39:19.549" level="INFO">Slept 10 seconds</msg>
<status status="PASS" starttime="20191212 02:39:09.545" endtime="20191212 02:39:19.551"></status>
</kw>
<status status="PASS" starttime="20191212 02:39:06.123" endtime="20191212 02:39:19.553"></status>
</kw>
<kw name="Click Element" library="SeleniumLibrary">
<doc>Click the element identified by ``locator``.</doc>
<arguments>
<arg>${BackupPreferences_Clear}</arg>
</arguments>
<msg timestamp="20191212 02:39:19.556" level="INFO">Clicking element '//*[@class="smux-l10n " and contains(text(),"Clear")]'.</msg>
<status status="PASS" starttime="20191212 02:39:19.554" endtime="20191212 02:39:19.962"></status>
</kw>
<kw name="Sleep" library="BuiltIn">
<doc>Pauses the test executed for the given time.</doc>
<arguments>
<arg>5 sec</arg>
</arguments>
<msg timestamp="20191212 02:39:24.969" level="INFO">Slept 5 seconds</msg>
<status status="PASS" starttime="20191212 02:39:19.964" endtime="20191212 02:39:24.971"></status>
</kw>
<kw name="Get Text" library="SeleniumLibrary">
<doc>Returns the text value of the element identified by ``locator``.</doc>
<arguments>
<arg>${BackupPreferences_Description}</arg>
</arguments>
<assign>
<var>${clear_desc}</var>
</assign>
<msg timestamp="20191212 02:39:25.133" level="INFO">${clear_desc} = </msg>
<status status="PASS" starttime="20191212 02:39:24.973" endtime="20191212 02:39:25.133"></status>
</kw>
<kw name="Should Be Empty" library="BuiltIn">
<doc>Verifies that the given item is empty.</doc>
<arguments>
<arg>${clear_desc}</arg>
</arguments>
<msg timestamp="20191212 02:39:25.139" level="INFO">Length is 0</msg>
<status status="PASS" starttime="20191212 02:39:25.137" endtime="20191212 02:39:25.139"></status>
</kw>
<status status="PASS" starttime="20191212 02:39:06.121" endtime="20191212 02:39:25.139"></status>
</kw>
<doc>Test to verify if the clear button clears off Description and Tags</doc>
<tags>
<tag>Sprint9</tag>
</tags>
<status status="PASS" starttime="20191212 02:39:06.119" endtime="20191212 02:39:25.141" critical="yes"></status>
</test>
<test id="s1-t4" name="Should be able to Backup-Preferences to CloudFolder">
<kw name="Save Backup-Preferences to ztC Cloud Folder">
<doc>This Keyword saves your Backup-Preferences.zip on "ztC Cloud Folder"</doc>
<kw name="Log To Console" library="BuiltIn">
<doc>Logs the given message to the console.</doc>
<arguments>
<arg>Lets try to save to ztC CLoud Folder...</arg>
</arguments>
<status status="PASS" starttime="20191212 02:39:25.150" endtime="20191212 02:39:25.151"></status>
</kw>
<kw name="Click Element" library="SeleniumLibrary">
<doc>Click the element identified by ``locator``.</doc>
<arguments>
<arg>${BackupPreferences_ztCCloudFolder}</arg>
</arguments>
<msg timestamp="20191212 02:39:25.151" level="INFO">Clicking element '//*[@id="ext-comp-1240"]'.</msg>
<status status="PASS" starttime="20191212 02:39:25.151" endtime="20191212 02:39:25.664"></status>
</kw>
<kw name="Sleep" library="BuiltIn">
<doc>Pauses the test executed for the given time.</doc>
<arguments>
<arg>5 sec</arg>
</arguments>
<msg timestamp="20191212 02:39:30.673" level="INFO">Slept 5 seconds</msg>
<status status="PASS" starttime="20191212 02:39:25.666" endtime="20191212 02:39:30.676"></status>
</kw>
<kw name="Wait Until Page Contains Element" library="SeleniumLibrary">
<doc>Waits until the element ``locator`` appears on the current page.</doc>
<arguments>
<arg>${BackupPreferences_CloudCredentialPanel}</arg>
</arguments>
<status status="PASS" starttime="20191212 02:39:30.678" endtime="20191212 02:39:30.752"></status>
</kw>
<kw name="Sleep" library="BuiltIn">
<doc>Pauses the test executed for the given time.</doc>
<arguments>
<arg>5 sec</arg>
</arguments>
<msg timestamp="20191212 02:39:35.772" level="INFO">Slept 5 seconds</msg>
<status status="PASS" starttime="20191212 02:39:30.753" endtime="20191212 02:39:35.773"></status>
</kw>
<kw name="Input Text" library="SeleniumLibrary">
<doc>Types the given ``text`` into the text field identified by ``locator``.</doc>
<arguments>
<arg>${BackupPreferences_CloudCredentialUser}</arg>
<arg>Cust1FName.Cust1LName@test.com</arg>
</arguments>
<msg timestamp="20191212 02:39:35.778" level="INFO">Typing text 'Cust1FName.Cust1LName@test.com' into text field '//*[@id="cloudUser"]'.</msg>
<status status="PASS" starttime="20191212 02:39:35.775" endtime="20191212 02:39:37.588"></status>
</kw>
<kw name="Input Text" library="SeleniumLibrary">
<doc>Types the given ``text`` into the text field identified by ``locator``.</doc>
<arguments>
<arg>${BackupPreferences_CloudCredentialPwd}</arg>
<arg>new_pwd</arg>
</arguments>
<msg timestamp="20191212 02:39:37.591" level="INFO">Typing text 'new_pwd' into text field '//*[@id="cloudPwd"]'.</msg>
<status status="PASS" starttime="20191212 02:39:37.589" endtime="20191212 02:39:38.474"></status>
</kw>
<kw name="Sleep" library="BuiltIn">
<doc>Pauses the test executed for the given time.</doc>
<arguments>
<arg>5 sec</arg>
</arguments>
<msg timestamp="20191212 02:39:43.493" level="INFO">Slept 5 seconds</msg>
<status status="PASS" starttime="20191212 02:39:38.481" endtime="20191212 02:39:43.496"></status>
</kw>
<kw name="Get Text" library="SeleniumLibrary">
<doc>Returns the text value of the element identified by ``locator``.</doc>
<arguments>
<arg>//*[@id="ext-comp-1242"]</arg>
</arguments>
<assign>
<var>${Backup_File}</var>
</assign>
<msg timestamp="20191212 02:39:43.656" level="INFO">${Backup_File} = </msg>
<status status="PASS" starttime="20191212 02:39:43.497" endtime="20191212 02:39:43.657"></status>
</kw>
<kw name="Sleep" library="BuiltIn">
<doc>Pauses the test executed for the given time.</doc>
<arguments>
<arg>5 sec</arg>
</arguments>
<msg timestamp="20191212 02:39:48.667" level="INFO">Slept 5 seconds</msg>
<status status="PASS" starttime="20191212 02:39:43.658" endtime="20191212 02:39:48.669"></status>
</kw>
<kw name="Get Current Date" library="DateTime">
<doc>Returns current local or UTC time with an optional increment.</doc>
<assign>
<var>${timestamp}</var>
</assign>
<msg timestamp="20191212 02:39:48.673" level="INFO">${timestamp} = 2019-12-12 02:39:48.672</msg>
<status status="PASS" starttime="20191212 02:39:48.671" endtime="20191212 02:39:48.673"></status>
</kw>
<kw name="Input Text" library="SeleniumLibrary">
<doc>Types the given ``text`` into the text field identified by ``locator``.</doc>
<arguments>
<arg>${BackupPreferences_Description}</arg>
<arg>${sys_name}_${timestamp}</arg>
</arguments>
<msg timestamp="20191212 02:39:48.674" level="INFO">Typing text 'QA122_2019-12-12 02:39:48.672' into text field '//*[@id="ext-comp-1243"]'.</msg>
<status status="PASS" starttime="20191212 02:39:48.673" endtime="20191212 02:39:50.338"></status>
</kw>
<kw name="Sleep" library="BuiltIn">
<doc>Pauses the test executed for the given time.</doc>
<arguments>
<arg>5 sec</arg>
</arguments>
<msg timestamp="20191212 02:39:55.344" level="INFO">Slept 5 seconds</msg>
<status status="PASS" starttime="20191212 02:39:50.339" endtime="20191212 02:39:55.346"></status>
</kw>
<kw name="Click Element" library="SeleniumLibrary">
<doc>Click the element identified by ``locator``.</doc>
<arguments>
<arg>${BackupPreferences_Save}</arg>
</arguments>
<msg timestamp="20191212 02:39:55.350" level="INFO">Clicking element '//*[@id="ext-comp-1241"]/tbody/tr[2]/td[2]'.</msg>
<status status="PASS" starttime="20191212 02:39:55.348" endtime="20191212 02:39:55.714"></status>
</kw>
<kw name="Sleep" library="BuiltIn">
<doc>Pauses the test executed for the given time.</doc>
<arguments>
<arg>2 sec</arg>
</arguments>
<msg timestamp="20191212 02:39:57.722" level="INFO">Slept 2 seconds</msg>
<status status="PASS" starttime="20191212 02:39:55.717" endtime="20191212 02:39:57.726"></status>
</kw>
<kw name="Get Text" library="SeleniumLibrary">
<doc>Returns the text value of the element identified by ``locator``.</doc>
<arguments>
<arg>//*[@id="saveStatus"]</arg>
</arguments>
<assign>
<var>${response1}</var>
</assign>
<msg timestamp="20191212 02:39:57.864" level="INFO">${response1} = Backup file exported successfully.</msg>
<status status="PASS" starttime="20191212 02:39:57.728" endtime="20191212 02:39:57.865"></status>
</kw>
<kw name="Should Be Equal As Strings" library="BuiltIn">
<doc>Fails if objects are unequal after converting them to strings.</doc>
<arguments>
<arg>${response1}</arg>
<arg>Backup file exported successfully.</arg>
</arguments>
<status status="PASS" starttime="20191212 02:39:57.878" endtime="20191212 02:39:57.882"></status>
</kw>
<kw name="Log To Console" library="BuiltIn">
<doc>Logs the given message to the console.</doc>
<arguments>
<arg>File Exported to cloud folder is :</arg>
<arg>${Backup_File}</arg>
</arguments>
<status status="PASS" starttime="20191212 02:39:57.882" endtime="20191212 02:39:57.883"></status>
</kw>
<status status="PASS" starttime="20191212 02:39:25.148" endtime="20191212 02:39:57.884"></status>
</kw>
<doc>Test to verify if the backup-Preferences can be exported to ztC cloud folder</doc>
<tags>
<tag>Sprint9</tag>
</tags>
<status status="PASS" starttime="20191212 02:39:25.144" endtime="20191212 02:39:57.888" critical="yes"></status>
</test>
<test id="s1-t5" name="Should be able to launch Backup-Preferences Help-Page">
<kw name="Go To Backup-Preferences Help-Page">
<doc>This Keyword just launches the Backup-Preferences help page...</doc>
<kw name="Log To Console" library="BuiltIn">
<doc>Logs the given message to the console.</doc>
<arguments>
<arg>Loading Help-Page...</arg>
</arguments>
<status status="PASS" starttime="20191212 02:39:57.892" endtime="20191212 02:39:57.893"></status>
</kw>
<kw name="Click Element" library="SeleniumLibrary">
<doc>Click the element identified by ``locator``.</doc>
<arguments>
<arg>${BackupPreferences_Help}</arg>
</arguments>
<msg timestamp="20191212 02:39:57.894" level="INFO">Clicking element '//*[@id="ext-comp-1097"]'.</msg>
<status status="PASS" starttime="20191212 02:39:57.893" endtime="20191212 02:39:58.701"></status>
</kw>
<kw name="Get Window Handles" library="SeleniumLibrary">
<doc>Returns all child window handles of the selected browser as a list.</doc>
<assign>
<var>@{list1}</var>
</assign>
<msg timestamp="20191212 02:39:58.942" level="INFO">@{list1} = [ CDwindow-B348EEE297537395FF312AE2C680AE9E | CDwindow-CF8EC6ECFA4B4D05F7A811F95D73EC15 ]</msg>
<status status="PASS" starttime="20191212 02:39:58.728" endtime="20191212 02:39:58.943"></status>
</kw>
<kw name="Select Window" library="SeleniumLibrary">
<doc>DEPRECATED in SeleniumLibrary 4.0. , use `Switch Window` instead.</doc>
<arguments>
<arg>@{list1}[1]</arg>
</arguments>
<status status="PASS" starttime="20191212 02:39:58.943" endtime="20191212 02:40:01.183"></status>
</kw>
<kw name="Wait Until Page Contains Element" library="SeleniumLibrary">
<doc>Waits until the element ``locator`` appears on the current page.</doc>
<arguments>
<arg>xpath://*[@id="contentBody"]</arg>
</arguments>
<status status="PASS" starttime="20191212 02:40:01.184" endtime="20191212 02:40:03.732"></status>
</kw>
<kw name="Sleep" library="BuiltIn">
<doc>Pauses the test executed for the given time.</doc>
<arguments>
<arg>10 sec</arg>
</arguments>
<msg timestamp="20191212 02:40:13.740" level="INFO">Slept 10 seconds</msg>
<status status="PASS" starttime="20191212 02:40:03.733" endtime="20191212 02:40:13.742"></status>
</kw>
<status status="PASS" starttime="20191212 02:39:57.891" endtime="20191212 02:40:13.743"></status>
</kw>
<doc>Test to verify if the Backup-Preferences Help Page can be loaded</doc>
<tags>
<tag>Sprint9</tag>
</tags>
<status status="PASS" starttime="20191212 02:39:57.890" endtime="20191212 02:40:13.748" critical="yes"></status>
</test>
<test id="s1-t6" name="End of Test Suite">
<kw name="End Web Test">
<doc>Ths Keyword closes all the open session test-teardown</doc>
<kw name="Log To Console" library="BuiltIn">
<doc>Logs the given message to the console.</doc>
<arguments>
<arg>Closing Browser</arg>
</arguments>
<status status="PASS" starttime="20191212 02:40:13.756" endtime="20191212 02:40:13.757"></status>
</kw>
<kw name="Close All Browsers" library="SeleniumLibrary">
<doc>Closes all open browsers and resets the browser cache.</doc>
<status status="PASS" starttime="20191212 02:40:13.758" endtime="20191212 02:40:16.503"></status>
</kw>
<status status="PASS" starttime="20191212 02:40:13.755" endtime="20191212 02:40:16.503"></status>
</kw>
<doc>Looks like all the tests were run</doc>
<tags>
<tag>sprint9</tag>
</tags>
<status status="PASS" starttime="20191212 02:40:13.753" endtime="20191212 02:40:16.503" critical="yes"></status>
</test>
<status status="PASS" starttime="20191212 02:37:33.385" endtime="20191212 02:40:16.503"></status>
</suite>
<statistics>
<total>
<stat pass="6" fail="0">Critical Tests</stat>
<stat pass="6" fail="0">All Tests</stat>
</total>
<tag>
<stat pass="6" fail="0">Sprint9</stat>
</tag>
<suite>
<stat pass="6" fail="0" id="s1" name="Backup Preferences">Backup Preferences</stat>
</suite>
</statistics>
<errors>
</errors>
</robot>
